%3kbnewsreader.r
%a-reb-site.r
%accumulate.r
%acgiss.r
%aclock-p.r
%addr.r
%age.r
%ai.r
%alert.r
%alien.r
%alienexp.r
%align.r
%alphametics.r
%analog-clock.r
%analyse.r
%anamonitor.r
%animresize.r
%arcfour.r
%area-scroll-style.r
%arguments.r
%ascii-chart.r
%ascii-info.r
%associate.r
%attach.r
%autoextract.r
%ave.r
%average.r
%ball.r
%base-convert.r
%beer.r
%beersong.r
%bestfit.r
%bignumbers.r
%bin-data.r
%bin-save.r
%bin-to-float.r
%binary-search.r
%black-scholes.r
%black-text.r
%blast.r
%blog.r
%bro2text.r
%btn-sqlite.r
%build-pack.r
%build-site.r
%build-tag.r
%button-image.r
%button-key.r
%button.r
%buttons.r
%cacheserver.r
%calculator.r
%calculese.r
%calendar-install.r
%calendar.r
%call-spellchecker.r
%capture-screen.r
%capture.r
%cas-rn.r
%case.r
%catcher.r
%cd-track-titles.r
%ceb.r
%celcius.r
%cellphone.r
%cgi-debug.r
%cgi.r
%cgicomment.r
%cgidump.r
%cgiemailer.r
%cgiemailhtml.r
%cgiform.r
%cgiformhtml.r
%cgiformobj.r
%cgimail.r
%change-text-lists.r
%char-to-hex.r
%chatter.r
%check-server.r
%checklist.r
%chinese-year.r
%cl4mapserv.r
%clean-script-heavy.r
%clean-script.r
%clipboard-buttons.r
%clips.r
%clock.r
%clone.r
%cloneobj.r
%cls.r
%code-colorizer.r
%code39.r
%coding-maito.r
%collect.r
%color-code.r
%color-names.r
%colorize.r
%colormatch.r
%colormatch15.r
%common-dir.r
%common-parse-values.r
%compress-source.r
%compress.r
%console-udp.r
%consoleio.r
%content-management.r
%content-type.r
%contract.r
%convert-csv.r
%converter.r
%convertisseur.r
%cookie-example.r
%cookie-jar-lib.r
%cookies-client.r
%cookies.r
%copy-lib.r
%copycon.r
%counload.r
%countweb.r
%crc32.r
%credits.r
%crypt.r
%crystal-reports.r
%css.r
%csv.r
%date.r
%days-per-month.r
%days-till-christmas.r
%db.r
%decode-charset.r
%define-dialect.r
%delete-directory.r
%delete-suffix.r
%demo-ay.r
%demo1.r
%desk-calc.r
%desktop-shifter.r
%despam.r
%detach.r
%diagram.r
%dialog.r
%dice.r
%dicomparser.r
%dict-demo.r
%dict-scheme.r
%dict.r
%diff.r
%dig.r
%dir-map-explorer.r
%dir-mapper.r
%dir-tree.r
%dir.r
%directions.r
%disable-face.r
%display-chess-board.r
%dns-async-example.r
%do-pop-scheme.r
%do-thru.r
%document-search.r
%dos-dir.r
%double-clic.r
%downloader.r
%dragbar.r
%draw-a-mouse-over-round-button.r
%drill-bits.r
%drop-down.r
%dual-col.r
%dump-face.r
%dump-style.r
%duplicate-directory.r
%ean13.r
%easter-day.r
%easter.r
%easy-drawer.r
%easy-service.r
%easy-soccer.r
%easy-vid.r
%easypage.r
%eat.r
%echos.r
%effect-lab.r
%ellipse.r
%email-check.r
%emailbot.r
%emailclient.r
%emailer.r
%emailsend.r
%embedded-search.r
%emit-rss.r
%encompass.r
%encrypt.r
%enlist.r
%entity.r
%entry-form.r
%environ.r
%erebol.r
%error-logger.r
%error-message-finder.r
%esend.r
%esmtp.r
%etext.r
%exif-core.r
%exif-image.r
%extend-an-object.r
%extract-web-links.r
%ez-plot.r
%eztwain.r
%f-to-c.r
%facebroadcast.r
%factorial.r
%fadetext.r
%fahrenheit.r
%fastscroll.r
%fcgi-broker.r
%feedback.r
%ff3edit.r
%file-date-comparison-ctx.r
%file-list.r
%file-request.r
%file-size-comparison-ctx.r
%file.r
%fileserver.r
%filtered-import.r
%find-block.r
%find-file.r
%findchars.r
%findweb.r
%fire.r
%fish.r
%fixed.r
%font-lab.r
%font-styles.r
%foreach-file.r
%form-date.r
%form-error.r
%formletter.r
%formmail.pl
%free-mem.r
%ftpallto.r
%ftpappend.r
%ftpcheck.r
%ftpdel.r
%ftpdemo.r
%ftpdir.r
%ftpdircheck.r
%ftpdo.r
%ftpdown.r
%ftpdownbin.r
%ftpdownload.r
%ftpgadget-package.r
%ftphtml.r
%ftpinfo.r
%ftpmakedir.r
%ftpread.r
%ftprename.r
%ftpup.r
%ftpupload.r
%ftpwrite.r
%fun.r
%galaga.r
%game-of-life-variation.r
%garmin-protocol.r
%gather.r
%geeksong.r
%geekwithin.r
%gel.r
%gen-syntx.r
%generate-doc.r
%get-stock.r
%get-version-ex.r
%gismo.r
%glayout-demo.r
%glayout.r
%gmul.r
%gps-pos.r
%gps-xor.r
%grad-all.r
%grad-image.r
%gradcol-all.r
%gradcol.r
%gradient.r
%graph-fx.r
%graph.r
%graphviz2rebol.r
%greek.r
%group.r
%guid.r
%gunzip.r
%gzip.r
%hashtable.r
%headfull.r
%headless.r
%headless1.r
%heaver.r
%hello.r
%helloworld.r
%help-system.r
%help.r
%hide-email-addresses.r
%history.r
%hllogparser.r
%hof.r
%hsv-lab.r
%html-calendar.r
%http-get.r
%http-head.r
%http-post.r
%http-tools.r
%ice.r
%ico-parser.r
%ico-parser2.r
%ico-view.r
%ico-view2.r
%icon-browse.r
%ieee.r
%iff-dialect.r
%image-sort.r
%imagemagick-helper.r
%imapx-handler.r
%img-to-bin.r
%incdec.r
%include.r
%inhide.r
%ini.r
%input-cgi.r
%insert-mru.r
%install-edit-tools.r
%interweave.r
%iota.r
%ipaddress.r
%iso-8601-date.r
%itemize.r
%jobbot.r
%jpg-analyse.r
%json.r
%julian.r
%kanizsa.r
%kasper.r
%keep-alive.r
%keyb.r
%keyboar-trener.r
%kg-st-remainder-lbs.r
%klipper.r
%label-and-print.r
%launcher-ext42.r
%layed.r
%layout-1.8.r
%layout-writer.r
%layout.r
%lds-demo1-package.r
%lds-local.r
%leapyear.r
%leftstring.r
%lexpem.r
%lib-dialect.r
%lib-history.r
%licensed.r
%like.r
%line-intersection-demo.r
%linear-interp.r
%link-clock.r
%linked-layouts.r
%liquid.r
%list-scroll-demo.r
%list-supply-how-to.r
%listftpupload.r
%little-bell.r
%load-header.r
%load-parse-tree.r
%locale.r
%lock-file.r
%log.r
%log4reb.r
%logviewer.r
%lookup.r
%lowertag.r
%lrwp.r
%mailautoreply.r
%mailboxsave.r
%mailcc.r
%maildespam.r
%mailfile.r
%mailfiles.r
%mailfilescomp.r
%mailfriends.r
%mailheader.r
%mailpage.r
%mailping.r
%mailsave.r
%mailsend.r
%mailsendgroup.r
%mailserver.r
%mailsniff.r
%mailview.r
%make-doc-pro.r
%make-doc.r
%make-object.r
%make-word-list.r
%makedoc2.r
%makespec.r
%mandelbrot.r
%mandelbrot2.r
%map.r
%mbxfind.r
%mbxscripts.r
%mbxsubjects.r
%mdlparser.r
%mdp-gui-package.r
%mem-check.r
%mem-stats.r
%mem2.r
%menu-system-demo.r
%menu-system.r
%menubar.r
%metadata.r
%meteomap-poland.r
%mines.r
%mini-calc.r
%minisynth.r
%ml.r
%monitor.r
%month.r
%mp3tool.r
%msdate-to-date.r
%multi-methods.r
%multiple-key-sort.r
%my-http.r
%mysql_all.r
%my_grab.r
%narrated-slideshow.r
%navigator.r
%netscan.r
%nettools.r
%never-cache.r
%new-blog.r
%new-suffix.r
%newsgroup.r
%ngbg.r
%ngbg2.r
%nim-engine.r
%nntp.r
%nonlocal.r
%not.r
%now.r
%one-row-hilite.r
%oneliner-bmp-to-png.r
%oneliner-bye.r
%oneliner-cd.r
%oneliner-chess-board.r
%oneliner-clear-me.r
%oneliner-dohist.r
%oneliner-ftp-upload-dir.r
%oneliner-ftp-upload-file.r
%oneliner-hist.r
%oneliner-image-viewer.r
%oneliner-leapyear.r
%oneliner-log.r
%oneliner-monty-hall.r
%oneliner-morse-code.r
%oneliner-newprobe.r
%oneliner-nfrac.r
%oneliner-paint-drops.r
%oneliner-pi.r
%oneliner-prime-factors.r
%oneliner-print-links.r
%oneliner-print-web-page.r
%oneliner-quine.r
%oneliner-rule-110-ca.r
%oneliner-save-console-history.r
%oneliner-save-web-page-text.r
%oneliner-send-email.r
%oneliner-server-id.r
%oneliner-subset.r
%oneliner-tcp-port-scanner.r
%oneliner-webserver.r
%oneliner-weekday.r
%opengl.r
%ora-listener.r
%ordnum.r
%pack.r
%pager.r
%pages.r
%paint.r
%paintplus.r
%panorama-ss.r
%parse-analysis-view.r
%parse-analysis.r
%parse-code.r
%parse-core23-manual.r
%parse-ini.r
%parse-string.r
%parse-taguri.r
%passprotect.r
%patch-esmtp-net.r
%patch-ftp-226-handling.r
%patches.r
%patent.r
%pcspager.r
%pdf-labels.r
%pdf-maker.r
%pdf-tables.r
%periodictable.r
%permute.r
%photopoint.r
%ping.r
%pm-101.r
%png.r
%podcast-chopper.r
%pop.r
%popspec.r
%por-01.r
%post-script.r
%preface.r
%presenting-text-in-columns.r
%pretty-numbers.r
%prime.r
%printer.r
%printf.r
%priority-queue.r
%prob.r
%profile-timer.r
%profiler.r
%progress-bar-with-read-thru.r
%progress-c.r
%progress.r
%prolog.r
%protect-func.r
%proxy.r
%psg-ay-3-8910-study.r
%pspad-spec.r
%pt.r
%push.r
%pword.r
%q-plot.r
%qklaunch.r
%qml-base.r
%qml-ed.r
%qp-encode.r
%quantieme.r
%quickparser.r
%quine.r
%quiz.r
%quote-bot.r
%r2html.r
%radioparadise.r
%raging-bull.r
%rand-pass.r
%rar.r
%rbbs.r
%rblxelparser.r
%rc4.r
%rcon.r
%read-below.r
%readmail.r
%reb2exe.r
%rebalert.r
%rebcall.r
%rebcam.r
%rebdbgui.r
%rebdoc.r
%rebelxml.r
%rebftp.r
%rebgui-image.r
%rebgui-sizing.r
%rebgui-table.r
%rebocalc.r
%rebodex.r
%rebol-reader.r
%rebol-stress-test.r
%reboldiff.r
%rebprocessor.r
%rebserver.r
%rebxml2xml.r
%rebzip.r
%rect-lib.r
%recursive-read.r
%reffects.r
%refine.r
%reflect-all.r
%reflect.r
%registry.r
%regset.r
%reline.r
%rem-ext42.r
%remind.r
%remote-file.r
%rename-pics.r
%render-rich-text.r
%replace-in-all-files.r
%representation-in-text-lists.r
%request-date.r
%request-dir.r
%request-list-enhanced.r
%request-time.r
%resize-window.r
%reversi.r
%rewrite-gfx.r
%rightstring.r
%rim-bot.r
%rim-bull.r
%rim-room.r
%rim.r
%rip.r
%rm.r
%rmoocks.r
%rnill.r
%rnv.r
%roman.r
%ropus.r
%rot-13.r
%round-2.r
%round.r
%rse-ids.r
%rss.r
%rtags.r
%rugby-console.r
%rugby.r
%rugby3.r
%rugby4.r
%rugby_server.r
%run.r
%runner.r
%s-field.r
%safe-cgi-data-read.r
%scan-dir.r
%sci-calc.r
%scrim.r
%script.r
%scrolling-fields.r
%scrollpic.r
%search.r
%search2.r
%secure-clean-path.r
%series-slice.r
%server.r
%set-prompt.r
%setemail.r
%shrink.r
%simetrics.r
%simple-mail.r
%simple-math.r
%simple-system-tray.r
%simple.r
%simtpop.r
%site-build.r
%site-check.r
%site.r
%sizedir.r
%skimp-my-altme.r
%skimp.r
%skype.r
%slice.r
%slide.r
%slim-link.r
%slim.r
%smail.r
%smartudp.r
%sms-funcs.r
%sms2lj.r
%snmp.r
%sort-array.r
%sort-nests.r
%sort-series.r
%soundex.r
%space-game.r
%spampopper.r
%spellck.r
%sphere.r
%spooky.r
%sqd.r
%sql-protocol.r
%sqlite3-protocol.r
%sqlite3.r
%static.r
%steel-libs.r
%steganography.r
%strip.r
%style-scrollable.r
%style-tooltip.r
%substr.r
%substring.r
%summer.r
%surface.r
%swintro.r
%switch.r
%sys-port-drag-accept.r
%table-columns.r
%tagit.r
%tailfunc.r
%tally.r
%tar.r
%tcp2broadcast.r
%tcpping.r
%techfell-protocol.r
%telnet-client.r
%telnet.r
%telnetchat.r
%test-simple.r
%test-style-scrollable.r
%test.r
%testljudmila.r
%text-edit.r
%text-effects.r
%text-list-cover-up.r
%text-size.r
%text-view.r
%textdoc.r
%texthtml.r
%textile.r
%textpad-syngen.r
%texture-lab.r
%tftp-get.r
%the-blue-clock.r
%threaddemo.r
%throb.r
%tictactoe.r
%tile-game.r
%time-in-digits.r
%time-line.r
%time-plan.r
%timeblk.r
%timeit.r
%timepage.r
%timer-style.r
%timer-styles.r
%timewebs.r
%tint.r
%tj-map.r
%tj-operators.r
%to-fussy-idate.r
%to-ical-date.r
%to-iso-8601-date.r
%to-timestamp.r
%todo-list.r
%tokyotower.r
%toolt4vid.r
%topic-tags.r
%topwindows.r
%tower.r
%translate.r
%transpose.r
%triangulation.r
%tsn.r
%twelvedays.r
%udp2broadcast.r
%uncomment.r
%undetermined.r
%unless.r
%unpack.r
%unzip-desktop.r
%update-index.r
%update_index.r
%upload-library-script.r
%upmc12.r
%upnp-igd.r
%uri.r
%url-handler.r
%userprotect.r
%utf-8.r
%utf8-encode.r
%values.r
%vid-usage.r
%view-buttons.r
%view-hanoi.r
%view-html.r
%view-image-name.r
%view-image-name2.r
%view-image.r
%view-list.r
%view-rainbow.r
%viewer.r
%volker-tools.r
%volkswebserv.r
%vprint.r
%vt-emailer.r
%vt100.r
%vtrend.r
%wall-street.r
%web-to-plain.r
%webbanner.r
%webcam.r
%webcheck.r
%webcomment.r
%webcrawler.r
%webfind.r
%webfinder.r
%webget.r
%webgetter.r
%weblinks.r
%webloop.r
%webprint.r
%websend.r
%webserv.r
%webserver.r
%websplit.r
%webtitle.r
%webwidget.r
%weekday.r
%wgetit.r
%whoismaker.r
%whoismaker2.r
%wiki.r
%wild-buttons.r
%win-maker.r
%wizard.r
%work-days.r
%wraptext.r
%wumpus.r
%xcopy.r
%xhtml-emitter.r
%xlsr.r
%xml-object.r
%xml-parse.r
%xml2rebxml.r
%xmlgen.r
%xpath.r
%xpdev.r
%xpm.r
%yarm.r
%yubnub-searches.r
%zip-fix.r
%zip.r
